<?xml version="1.0" encoding="UTF-8"?>
<!-- Generated by org.testng.reporters.JUnitReportReporter -->
<testsuite hostname="QbusMac.local" failures="0" tests="2" name="academy.HomePage" time="32.030" errors="0" timestamp="2022-06-16T12:14:29 EST" skipped="0">
  <testcase classname="academy.HomePage" name="basePageNavigation" time="20.646"/>
  <system-out/>
  <testcase classname="academy.HomePage" name="basePageNavigation" time="11.384"/>
  <system-out/>
</testsuite> <!-- academy.HomePage -->
