<?xml version="1.0" encoding="UTF-8"?>
<!-- Generated by org.testng.reporters.JUnitReportReporter -->
<testsuite hostname="QbusMac.local" failures="0" tests="1" name="academy.ValidateNavbar" time="0.061" errors="0" timestamp="2022-06-15T16:58:47 EST" skipped="0">
  <testcase classname="academy.ValidateNavbar" name="basePageNavigation" time="0.061"/>
  <system-out/>
</testsuite> <!-- academy.ValidateNavbar -->
